 _________________________________________________

 KRAKEN- SWELLEX3                                                                
 Nominal Frequency =   388.0    Hz
 NMedia    =   3


     C-Linear approximation to SSP
     Attenuation units: dB/mkHz
     VACUUM

       ( # mesh points =  1000  RMS roughness =   0.00     m )

 Sound speed profile:
      z         alphaR      betaR     rho        alphaI     betaI
     (m)         (m/s)      (m/s)   (g/cm^3)                     

      0.00      1521.94      0.00     1.00       0.0000    0.0000
      0.83      1521.94      0.00     1.00       0.0000    0.0000
      1.39      1521.91      0.00     1.00       0.0000    0.0000
      2.13      1521.90      0.00     1.00       0.0000    0.0000
      2.95      1521.85      0.00     1.00       0.0000    0.0000
      3.65      1521.67      0.00     1.00       0.0000    0.0000
      4.53      1521.31      0.00     1.00       0.0000    0.0000
      5.44      1520.87      0.00     1.00       0.0000    0.0000
      6.15      1520.40      0.00     1.00       0.0000    0.0000
      6.80      1520.11      0.00     1.00       0.0000    0.0000
      7.73      1519.87      0.00     1.00       0.0000    0.0000
      8.69      1519.61      0.00     1.00       0.0000    0.0000
      9.45      1519.18      0.00     1.00       0.0000    0.0000
     10.12      1518.77      0.00     1.00       0.0000    0.0000
     11.00      1517.66      0.00     1.00       0.0000    0.0000
     12.00      1512.32      0.00     1.00       0.0000    0.0000
     12.79      1508.75      0.00     1.00       0.0000    0.0000
     13.53      1507.14      0.00     1.00       0.0000    0.0000
     14.29      1505.06      0.00     1.00       0.0000    0.0000
     15.27      1503.17      0.00     1.00       0.0000    0.0000
     16.10      1502.27      0.00     1.00       0.0000    0.0000
     16.85      1501.38      0.00     1.00       0.0000    0.0000
     17.87      1500.42      0.00     1.00       0.0000    0.0000
     19.03      1500.00      0.00     1.00       0.0000    0.0000
     19.78      1499.80      0.00     1.00       0.0000    0.0000
     20.33      1499.32      0.00     1.00       0.0000    0.0000
     21.16      1498.76      0.00     1.00       0.0000    0.0000
     22.17      1498.42      0.00     1.00       0.0000    0.0000
     23.25      1497.41      0.00     1.00       0.0000    0.0000
     24.50      1496.71      0.00     1.00       0.0000    0.0000
     25.77      1496.35      0.00     1.00       0.0000    0.0000
     26.97      1495.99      0.00     1.00       0.0000    0.0000
     28.12      1495.63      0.00     1.00       0.0000    0.0000
     29.10      1495.40      0.00     1.00       0.0000    0.0000
     29.50      1495.24      0.00     1.00       0.0000    0.0000
     29.73      1495.15      0.00     1.00       0.0000    0.0000
     29.90      1495.07      0.00     1.00       0.0000    0.0000
     30.27      1495.00      0.00     1.00       0.0000    0.0000
     30.59      1494.89      0.00     1.00       0.0000    0.0000
     30.98      1494.71      0.00     1.00       0.0000    0.0000
     31.19      1494.58      0.00     1.00       0.0000    0.0000
     31.31      1494.37      0.00     1.00       0.0000    0.0000
     31.44      1494.27      0.00     1.00       0.0000    0.0000
     31.81      1494.19      0.00     1.00       0.0000    0.0000
     31.94      1494.09      0.00     1.00       0.0000    0.0000
     32.08      1494.06      0.00     1.00       0.0000    0.0000
     32.33      1493.98      0.00     1.00       0.0000    0.0000
     32.55      1493.81      0.00     1.00       0.0000    0.0000
     32.71      1493.77      0.00     1.00       0.0000    0.0000
     32.90      1493.72      0.00     1.00       0.0000    0.0000
     33.41      1493.62      0.00     1.00       0.0000    0.0000
     34.17      1493.39      0.00     1.00       0.0000    0.0000
     35.03      1493.26      0.00     1.00       0.0000    0.0000
     35.89      1493.18      0.00     1.00       0.0000    0.0000
     36.78      1493.08      0.00     1.00       0.0000    0.0000
     37.82      1492.74      0.00     1.00       0.0000    0.0000
     38.90      1492.59      0.00     1.00       0.0000    0.0000
     39.81      1492.46      0.00     1.00       0.0000    0.0000
     40.48      1492.37      0.00     1.00       0.0000    0.0000
     41.16      1492.27      0.00     1.00       0.0000    0.0000
     42.24      1492.21      0.00     1.00       0.0000    0.0000
     43.42      1492.15      0.00     1.00       0.0000    0.0000
     44.51      1492.11      0.00     1.00       0.0000    0.0000
     45.65      1492.08      0.00     1.00       0.0000    0.0000
     46.72      1492.01      0.00     1.00       0.0000    0.0000
     47.72      1491.95      0.00     1.00       0.0000    0.0000
     48.72      1491.93      0.00     1.00       0.0000    0.0000
     49.65      1491.87      0.00     1.00       0.0000    0.0000
     50.60      1491.83      0.00     1.00       0.0000    0.0000
     51.08      1491.78      0.00     1.00       0.0000    0.0000
     51.48      1491.75      0.00     1.00       0.0000    0.0000
     51.85      1491.69      0.00     1.00       0.0000    0.0000
     51.98      1491.68      0.00     1.00       0.0000    0.0000
     52.68      1491.61      0.00     1.00       0.0000    0.0000
     53.81      1491.44      0.00     1.00       0.0000    0.0000
     54.86      1491.29      0.00     1.00       0.0000    0.0000
     55.96      1491.18      0.00     1.00       0.0000    0.0000
     57.07      1491.11      0.00     1.00       0.0000    0.0000
     58.15      1491.01      0.00     1.00       0.0000    0.0000
     59.00      1490.95      0.00     1.00       0.0000    0.0000
     59.73      1490.90      0.00     1.00       0.0000    0.0000
     60.60      1490.78      0.00     1.00       0.0000    0.0000
     61.77      1490.72      0.00     1.00       0.0000    0.0000
     62.85      1490.67      0.00     1.00       0.0000    0.0000
     63.85      1490.56      0.00     1.00       0.0000    0.0000
     64.82      1490.48      0.00     1.00       0.0000    0.0000
     66.00      1490.39      0.00     1.00       0.0000    0.0000
     66.96      1490.34      0.00     1.00       0.0000    0.0000
     67.83      1490.27      0.00     1.00       0.0000    0.0000
     68.74      1490.27      0.00     1.00       0.0000    0.0000
     69.74      1490.21      0.00     1.00       0.0000    0.0000
     70.71      1489.98      0.00     1.00       0.0000    0.0000
     71.69      1489.86      0.00     1.00       0.0000    0.0000
     72.65      1489.83      0.00     1.00       0.0000    0.0000
     73.70      1489.75      0.00     1.00       0.0000    0.0000
     74.72      1489.70      0.00     1.00       0.0000    0.0000
     75.93      1489.68      0.00     1.00       0.0000    0.0000
     77.04      1489.65      0.00     1.00       0.0000    0.0000
     78.00      1489.60      0.00     1.00       0.0000    0.0000
     78.83      1489.59      0.00     1.00       0.0000    0.0000
     79.65      1489.61      0.00     1.00       0.0000    0.0000
     80.50      1489.60      0.00     1.00       0.0000    0.0000
     81.32      1489.61      0.00     1.00       0.0000    0.0000
     81.94      1489.62      0.00     1.00       0.0000    0.0000
     82.69      1489.62      0.00     1.00       0.0000    0.0000
     83.79      1489.65      0.00     1.00       0.0000    0.0000
     84.95      1489.66      0.00     1.00       0.0000    0.0000
     86.11      1489.55      0.00     1.00       0.0000    0.0000
     87.25      1489.60      0.00     1.00       0.0000    0.0000
     88.26      1489.52      0.00     1.00       0.0000    0.0000
     89.06      1489.48      0.00     1.00       0.0000    0.0000
     89.88      1489.44      0.00     1.00       0.0000    0.0000
     90.70      1489.29      0.00     1.00       0.0000    0.0000
     91.39      1489.14      0.00     1.00       0.0000    0.0000
     92.02      1489.11      0.00     1.00       0.0000    0.0000
     92.73      1489.13      0.00     1.00       0.0000    0.0000
     93.35      1489.15      0.00     1.00       0.0000    0.0000
     93.85      1489.13      0.00     1.00       0.0000    0.0000
     94.59      1489.07      0.00     1.00       0.0000    0.0000
     95.56      1488.97      0.00     1.00       0.0000    0.0000
     96.08      1488.85      0.00     1.00       0.0000    0.0000
     96.40      1488.79      0.00     1.00       0.0000    0.0000
     96.69      1488.71      0.00     1.00       0.0000    0.0000
     96.88      1488.62      0.00     1.00       0.0000    0.0000
     97.34      1488.57      0.00     1.00       0.0000    0.0000
     97.79      1488.56      0.00     1.00       0.0000    0.0000
     98.42      1488.50      0.00     1.00       0.0000    0.0000
     98.95      1488.48      0.00     1.00       0.0000    0.0000
     99.06      1488.44      0.00     1.00       0.0000    0.0000
     99.28      1488.44      0.00     1.00       0.0000    0.0000
     99.59      1488.36      0.00     1.00       0.0000    0.0000
    100.50      1488.26      0.00     1.00       0.0000    0.0000
    101.39      1488.20      0.00     1.00       0.0000    0.0000
    102.16      1488.18      0.00     1.00       0.0000    0.0000
    102.88      1488.16      0.00     1.00       0.0000    0.0000
    103.66      1488.15      0.00     1.00       0.0000    0.0000
    104.46      1488.16      0.00     1.00       0.0000    0.0000
    104.97      1488.16      0.00     1.00       0.0000    0.0000
    105.47      1488.08      0.00     1.00       0.0000    0.0000
    106.24      1488.07      0.00     1.00       0.0000    0.0000
    107.04      1488.05      0.00     1.00       0.0000    0.0000
    107.60      1487.98      0.00     1.00       0.0000    0.0000
    108.18      1487.98      0.00     1.00       0.0000    0.0000
    108.84      1487.97      0.00     1.00       0.0000    0.0000
    109.53      1487.96      0.00     1.00       0.0000    0.0000
    109.98      1487.95      0.00     1.00       0.0000    0.0000
    110.23      1487.94      0.00     1.00       0.0000    0.0000
    110.71      1487.90      0.00     1.00       0.0000    0.0000
    111.21      1487.84      0.00     1.00       0.0000    0.0000
    111.44      1487.79      0.00     1.00       0.0000    0.0000
    111.68      1487.75      0.00     1.00       0.0000    0.0000
    112.09      1487.72      0.00     1.00       0.0000    0.0000
    112.38      1487.71      0.00     1.00       0.0000    0.0000
    112.75      1487.70      0.00     1.00       0.0000    0.0000
    113.20      1487.69      0.00     1.00       0.0000    0.0000
    113.61      1487.66      0.00     1.00       0.0000    0.0000
    113.93      1487.66      0.00     1.00       0.0000    0.0000
    114.22      1487.67      0.00     1.00       0.0000    0.0000
    114.80      1487.68      0.00     1.00       0.0000    0.0000
    115.94      1487.73      0.00     1.00       0.0000    0.0000
    117.19      1487.75      0.00     1.00       0.0000    0.0000
    118.56      1487.77      0.00     1.00       0.0000    0.0000
    119.98      1487.86      0.00     1.00       0.0000    0.0000
    121.38      1488.05      0.00     1.00       0.0000    0.0000
    122.57      1488.11      0.00     1.00       0.0000    0.0000
    123.74      1488.09      0.00     1.00       0.0000    0.0000
    125.02      1488.14      0.00     1.00       0.0000    0.0000
    126.39      1488.20      0.00     1.00       0.0000    0.0000
    127.67      1488.33      0.00     1.00       0.0000    0.0000
    129.04      1488.53      0.00     1.00       0.0000    0.0000
    130.40      1488.65      0.00     1.00       0.0000    0.0000
    131.52      1488.73      0.00     1.00       0.0000    0.0000
    132.62      1488.80      0.00     1.00       0.0000    0.0000
    133.90      1488.88      0.00     1.00       0.0000    0.0000
    135.11      1488.91      0.00     1.00       0.0000    0.0000
    136.24      1488.97      0.00     1.00       0.0000    0.0000
    137.41      1488.98      0.00     1.00       0.0000    0.0000
    138.69      1488.98      0.00     1.00       0.0000    0.0000
    139.93      1488.95      0.00     1.00       0.0000    0.0000
    140.97      1488.93      0.00     1.00       0.0000    0.0000
    142.04      1488.92      0.00     1.00       0.0000    0.0000
    143.16      1488.90      0.00     1.00       0.0000    0.0000
    144.22      1488.90      0.00     1.00       0.0000    0.0000
    145.22      1488.90      0.00     1.00       0.0000    0.0000
    146.23      1488.91      0.00     1.00       0.0000    0.0000
    147.28      1488.90      0.00     1.00       0.0000    0.0000
    148.25      1488.87      0.00     1.00       0.0000    0.0000
    149.29      1488.87      0.00     1.00       0.0000    0.0000
    150.45      1488.88      0.00     1.00       0.0000    0.0000
    151.46      1488.89      0.00     1.00       0.0000    0.0000
    152.52      1488.90      0.00     1.00       0.0000    0.0000
    153.76      1488.91      0.00     1.00       0.0000    0.0000
    154.85      1488.94      0.00     1.00       0.0000    0.0000
    155.80      1488.94      0.00     1.00       0.0000    0.0000
    156.82      1488.98      0.00     1.00       0.0000    0.0000
    157.94      1488.98      0.00     1.00       0.0000    0.0000
    159.05      1488.99      0.00     1.00       0.0000    0.0000
    160.21      1489.00      0.00     1.00       0.0000    0.0000
    161.33      1489.01      0.00     1.00       0.0000    0.0000
    162.35      1488.98      0.00     1.00       0.0000    0.0000
    163.46      1488.93      0.00     1.00       0.0000    0.0000
    164.52      1488.90      0.00     1.00       0.0000    0.0000
    164.75      1488.88      0.00     1.00       0.0000    0.0000
    168.17      1488.53      0.00     1.00       0.0000    0.0000
    169.20      1488.47      0.00     1.00       0.0000    0.0000
    170.18      1488.42      0.00     1.00       0.0000    0.0000
    171.13      1488.44      0.00     1.00       0.0000    0.0000
    172.08      1488.43      0.00     1.00       0.0000    0.0000
    172.96      1488.45      0.00     1.00       0.0000    0.0000
    173.84      1488.46      0.00     1.00       0.0000    0.0000
    174.68      1488.48      0.00     1.00       0.0000    0.0000
    175.51      1488.48      0.00     1.00       0.0000    0.0000
    176.39      1488.50      0.00     1.00       0.0000    0.0000
    177.13      1488.51      0.00     1.00       0.0000    0.0000
    177.90      1488.53      0.00     1.00       0.0000    0.0000
    178.75      1488.57      0.00     1.00       0.0000    0.0000
    179.73      1488.55      0.00     1.00       0.0000    0.0000
    180.38      1488.60      0.00     1.00       0.0000    0.0000
    181.09      1488.61      0.00     1.00       0.0000    0.0000
    181.78      1488.61      0.00     1.00       0.0000    0.0000
    182.41      1488.55      0.00     1.00       0.0000    0.0000
    183.02      1488.55      0.00     1.00       0.0000    0.0000
    183.57      1488.54      0.00     1.00       0.0000    0.0000
    184.15      1488.54      0.00     1.00       0.0000    0.0000
    184.90      1488.55      0.00     1.00       0.0000    0.0000
    185.59      1488.53      0.00     1.00       0.0000    0.0000
    186.25      1488.50      0.00     1.00       0.0000    0.0000
    187.01      1488.51      0.00     1.00       0.0000    0.0000
    187.95      1488.53      0.00     1.00       0.0000    0.0000
    188.96      1488.51      0.00     1.00       0.0000    0.0000
    189.98      1488.47      0.00     1.00       0.0000    0.0000
    191.04      1488.40      0.00     1.00       0.0000    0.0000
    192.18      1488.35      0.00     1.00       0.0000    0.0000
    193.13      1488.34      0.00     1.00       0.0000    0.0000
    193.90      1488.32      0.00     1.00       0.0000    0.0000
    194.43      1488.31      0.00     1.00       0.0000    0.0000
    195.05      1488.27      0.00     1.00       0.0000    0.0000
    195.71      1488.25      0.00     1.00       0.0000    0.0000
    196.17      1488.25      0.00     1.00       0.0000    0.0000
    196.67      1488.26      0.00     1.00       0.0000    0.0000
    197.27      1488.27      0.00     1.00       0.0000    0.0000
    197.92      1488.29      0.00     1.00       0.0000    0.0000
    198.47      1488.30      0.00     1.00       0.0000    0.0000
    198.97      1488.30      0.00     1.00       0.0000    0.0000
    199.32      1488.32      0.00     1.00       0.0000    0.0000
    199.59      1488.31      0.00     1.00       0.0000    0.0000
    199.95      1488.31      0.00     1.00       0.0000    0.0000
    200.16      1488.26      0.00     1.00       0.0000    0.0000
    216.50      1488.26      0.00     1.00       0.0000    0.0000

       ( # mesh points =   100  RMS roughness =   0.00     m )

    216.50      1572.37      0.00     1.76       0.2000    0.0000
    240.00      1593.02      0.00     1.76       0.2000    0.0000

       ( # mesh points =  1500  RMS roughness =   0.00     m )

    240.00      1881.00      0.00     2.06       0.0600    0.0000
   1040.00      3245.80      0.00     2.06       0.0600    0.0000

                              ( RMS roughness =   0.00     m )
     ACOUSTO-ELASTIC half-space
   1040.00      5200.00      0.00     2.66       0.0200    0.0000

 cLow =   100.00     m/s      cHigh =   1650.0     m/s
 RMax =   10.000     km

    Number of Source   z-coordinates, Sz =          100
    Source   z-coordinates, Sz (m)
                 2.00000       4.00000       6.00000       8.00000    
   10.0000       12.0000       14.0000       16.0000       18.0000    
   20.0000    
          ... 
   200.000    

 __________________________________________________________________________

    Number of Receiver z-coordinates, Rz =           21
    Receiver z-coordinates, Rz (m)
                 94.1250       99.7550       105.380       111.000    
   116.620       122.250       127.880       139.120       144.740    
   150.380    
          ... 
   212.250    


 Mesh multiplier   CPU seconds
                --- Number of modes =           51
        1            0.339E-02s
                --- Number of modes =           51
        2            0.326E-02s
        4            0.209E-02s

    I       k             alpha     Phase Speed     Group Speed
          (1/m)           (1/m)        (m/s)           (m/s)
    1   1.637733396     -0.78E-07   1488.567007       0.00000    
    2   1.637342167     -0.25E-05   1488.922687       0.00000    
    3   1.636455760     -0.29E-05   1489.729181       0.00000    
    4   1.635710669     -0.36E-05   1490.407776       0.00000    
    5   1.634850392     -0.47E-05   1491.192045       0.00000    
    6   1.633846829     -0.55E-05   1492.107984       0.00000    
    7   1.632735646     -0.63E-05   1493.123462       0.00000    
    8   1.631642539     -0.88E-05   1494.123769       0.00000    
    9   1.630360233     -0.99E-05   1495.298922       0.00000    
   10   1.628963076     -0.11E-04   1496.581436       0.00000    
   11   1.627405598     -0.13E-04   1498.013711       0.00000    
   12   1.625754598     -0.15E-04   1499.534987       0.00000    
   13   1.624010420     -0.16E-04   1501.145478       0.00000    
   14   1.622163367     -0.18E-04   1502.854737       0.00000    
   15   1.620151589     -0.20E-04   1504.720864       0.00000    
   16   1.618049989     -0.22E-04   1506.675267       0.00000    
   17   1.615799783     -0.24E-04   1508.773503       0.00000    
   18   1.613440616     -0.26E-04   1510.979626       0.00000    
   19   1.610938102     -0.28E-04   1513.326860       0.00000    
   20   1.608319825     -0.31E-04   1515.790492       0.00000    
   21   1.605587451     -0.33E-04   1518.370050       0.00000    
   22   1.602745133     -0.35E-04   1521.062737       0.00000    
   23   1.599796541     -0.38E-04   1523.866215       0.00000    
   24   1.596739629     -0.40E-04   1526.783613       0.00000    
   25   1.593616803     -0.42E-04   1529.775473       0.00000    
   26   1.590408159     -0.45E-04   1532.861791       0.00000    
   27   1.587106286     -0.48E-04   1536.050812       0.00000    
   28   1.583666177     -0.53E-04   1539.387489       0.00000    
   29   1.580054153     -0.58E-04   1542.906548       0.00000    
   30   1.576257938     -0.64E-04   1546.622440       0.00000    
   31   1.572314720     -0.71E-04   1550.501225       0.00000    
   32   1.568203508     -0.79E-04   1554.566029       0.00000    
   33   1.563959586     -0.90E-04   1558.784460       0.00000    
   34   1.559558599     -0.11E-03   1563.183262       0.00000    
   35   1.555019710     -0.13E-03   1567.745980       0.00000    
   36   1.550355815     -0.17E-03   1572.462189       0.00000    
   37   1.545574057     -0.26E-03   1577.327135       0.00000    
   38   1.540758317     -0.60E-03   1582.257173       0.00000    
   39   1.536567983     -0.37E-02   1586.572105       0.00000    
   40   1.534243704     -0.39E-02   1588.975658       0.00000    
   41   1.529906974     -0.79E-03   1593.479826       0.00000    
   42   1.524873771     -0.92E-03   1598.739480       0.00000    
   43   1.520387803     -0.32E-02   1603.456627       0.00000    
   44   1.517216281     -0.35E-02   1606.808423       0.00000    
   45   1.512620000     -0.10E-02   1611.690907       0.00000    
   46   1.507119861     -0.63E-03   1617.572671       0.00000    
   47   1.501467360     -0.88E-03   1623.662268       0.00000    
   48   1.496143409     -0.21E-02   1629.439989       0.00000    
   49   1.491813620     -0.33E-02   1634.169220       0.00000    
   50   1.487009865     -0.16E-02   1639.448369       0.00000    
   51   1.481083292     -0.74E-03   1646.008642       0.00000    
 _________________________________________________

 End of environmental file
